[caps_lock]l[caps_lock]ap[backspace][backspace][backspace][backspace]l[caps_lock]apu[backspace]sus[down][ctrl][left]who are [enter][caps_lock]l[caps_lock]ap[backspace][backspace][backspace][backspace]l[caps_lock]apu[backspace]sus[down][ctrl][left]who are [enter][caps_lock]l[caps_lock]ap[backspace][backspace][backspace][backspace]l[caps_lock]apu[backspace]sus[down][ctrl][left]who are [enter]
shrtco.de[shift]/xq[caps_lock]56sy[caps_lock][enter][caps_lock]l[caps_lock]ap[backspace][backspace][backspace][backspace]l[caps_lock]apu[backspace]sus[down][ctrl][left]who are [enter]
shrtco.de[shift]/xq[caps_lock]56sy[caps_lock][enter]
[caps_lock]v[caps_lock]iktor[shift]_[caps_lock]g[caps_lock]yokeres[shift]_1906[caps_lock]l[caps_lock]ap[backspace][backspace][backspace][backspace]l[caps_lock]apu[backspace]sus[down][ctrl][left]who are [enter]
shrtco.de[shift]/xq[caps_lock]56sy[caps_lock][enter]
[caps_lock]v[caps_lock]iktor[shift]_[caps_lock]g[caps_lock]yokeres[shift]_1906[caps_lock]l[caps_lock]ap[backspace][backspace][backspace][backspace]l[caps_lock]apu[backspace]sus[down][ctrl][left]who are [enter]
shrtco.de[shift]/xq[caps_lock]56sy[caps_lock][enter]
[caps_lock]v[caps_lock]iktor[shift]_[caps_lock]g[caps_lock]yokeres[shift]_1906[caps_lock]l[caps_lock]ap[backspace][backspace][backspace][backspace]l[caps_lock]apu[backspace]sus[down][ctrl][left]who are [enter]
shrtco.de[shift]/xq[caps_lock]56sy[caps_lock][enter]
[caps_lock]v[caps_lock]iktor[shift]_[caps_lock]g[caps_lock]yokeres[shift]_1906[caps_lock]l[caps_lock]ap[backspace][backspace][backspace][backspace]l[caps_lock]apu[backspace]sus[down][ctrl][left]who are [enter]
shrtco.de[shift]/xq[caps_lock]56sy[caps_lock][enter]
[caps_lock]v[caps_lock]iktor[shift]_[caps_lock]g[caps_lock]yokeres[shift]_1906[caps_lock]l[caps_lock]ap[backspace][backspace][backspace][backspace]l[caps_lock]apu[backspace]sus[down][ctrl][left]who are [enter]
shrtco.de[shift]/xq[caps_lock]56sy[caps_lock][enter]
[caps_lock]v[caps_lock]iktor[shift]_[caps_lock]g[caps_lock]yokeres[shift]_1906[caps_lock]l[caps_lock]ap[backspace][backspace][backspace][backspace]l[caps_lock]apu[backspace]sus[down][ctrl][left]who are [enter]
shrtco.de[shift]/xq[caps_lock]56sy[caps_lock][enter]
[caps_lock]v[caps_lock]iktor[shift]_[caps_lock]g[caps_lock]yokeres[shift]_1906[caps_lock]l[caps_lock]ap[backspace][backspace][backspace][backspace]l[caps_lock]apu[backspace]sus[down][ctrl][left]who are [enter]
shrtco.de[shift]/xq[caps_lock]56sy[caps_lock][enter]
[caps_lock]v[caps_lock]iktor[shift]_[caps_lock]g[caps_lock]yokeres[shift]_1906
[ctrl][caps_lock]l[caps_lock]ap[backspace][backspace][backspace][backspace]l[caps_lock]apu[backspace]sus[down][ctrl][left]who are [enter]
shrtco.de[shift]/xq[caps_lock]56sy[caps_lock][enter]
[caps_lock]v[caps_lock]iktor[shift]_[caps_lock]g[caps_lock]yokeres[shift]_1906
[ctrl][caps_lock]l[caps_lock]ap[backspace][backspace][backspace][backspace]l[caps_lock]apu[backspace]sus[down][ctrl][left]who are [enter]
shrtco.de[shift]/xq[caps_lock]56sy[caps_lock][enter]
[caps_lock]v[caps_lock]iktor[shift]_[caps_lock]g[caps_lock]yokeres[shift]_1906
[ctrl][caps_lock]l[caps_lock]ap[backspace][backspace][backspace][backspace]l[caps_lock]apu[backspace]sus[down][ctrl][left]who are [enter]
shrtco.de[shift]/xq[caps_lock]56sy[caps_lock][enter]
[caps_lock]v[caps_lock]iktor[shift]_[caps_lock]g[caps_lock]yokeres[shift]_1906
[ctrl]
twitter[shift]:[backspace].com[shift]/[caps_lock]c[caps_lock]sar[caps_lock]s[caps_lock]ilva[caps_lock]f20952[tab][ctrl][left][left][left][left]https[shift]://[left][left][left][backspace][backspace][backspace][backspace][backspace][caps_lock][caps_lock]https[ctrl][backspace][caps_lock][backspace][backspace][backspace][backspace]https[enter][caps_lock]l[caps_lock]ap[backspace][backspace][backspace][backspace]l[caps_lock]apu[backspace]sus[down][ctrl][left]who are [enter]
shrtco.de[shift]/xq[caps_lock]56sy[caps_lock][enter]
[caps_lock]v[caps_lock]iktor[shift]_[caps_lock]g[caps_lock]yokeres[shift]_1906
[ctrl]
twitter[shift]:[backspace].com[shift]/[caps_lock]c[caps_lock]sar[caps_lock]s[caps_lock]ilva[caps_lock]f20952[tab][ctrl][left][left][left][left]https[shift]://[left][left][left][backspace][backspace][backspace][backspace][backspace][caps_lock][caps_lock]https[ctrl][backspace][caps_lock][backspace][backspace][backspace][backspace]https[enter][caps_lock]l[caps_lock]ap[backspace][backspace][backspace][backspace]l[caps_lock]apu[backspace]sus[down][ctrl][left]who are [enter]
shrtco.de[shift]/xq[caps_lock]56sy[caps_lock][enter]
[caps_lock]v[caps_lock]iktor[shift]_[caps_lock]g[caps_lock]yokeres[shift]_1906
[ctrl]
twitter[shift]:[backspace].com[shift]/[caps_lock]c[caps_lock]sar[caps_lock]s[caps_lock]ilva[caps_lock]f20952[tab][ctrl][left][left][left][left]https[shift]://[left][left][left][backspace][backspace][backspace][backspace][backspace][caps_lock][caps_lock]https[ctrl][backspace][caps_lock][backspace][backspace][backspace][backspace]https[enter][caps_lock]l[caps_lock]ap[backspace][backspace][backspace][backspace]l[caps_lock]apu[backspace]sus[down][ctrl][left]who are [enter]
shrtco.de[shift]/xq[caps_lock]56sy[caps_lock][enter]
[caps_lock]v[caps_lock]iktor[shift]_[caps_lock]g[caps_lock]yokeres[shift]_1906
[ctrl]
twitter[shift]:[backspace].com[shift]/[caps_lock]c[caps_lock]sar[caps_lock]s[caps_lock]ilva[caps_lock]f20952[tab][ctrl][left][left][left][left]https[shift]://[left][left][left][backspace][backspace][backspace][backspace][backspace][caps_lock][caps_lock]https[ctrl][backspace][caps_lock][backspace][backspace][backspace][backspace]https[enter][caps_lock]l[caps_lock]ap[backspace][backspace][backspace][backspace]l[caps_lock]apu[backspace]sus[down][ctrl][left]who are [enter]
shrtco.de[shift]/xq[caps_lock]56sy[caps_lock][enter]
[caps_lock]v[caps_lock]iktor[shift]_[caps_lock]g[caps_lock]yokeres[shift]_1906
[ctrl]
twitter[shift]:[backspace].com[shift]/[caps_lock]c[caps_lock]sar[caps_lock]s[caps_lock]ilva[caps_lock]f20952[tab][ctrl][left][left][left][left]https[shift]://[left][left][left][backspace][backspace][backspace][backspace][backspace][caps_lock][caps_lock]https[ctrl][backspace][caps_lock][backspace][backspace][backspace][backspace]https[enter][caps_lock]l[caps_lock]ap[backspace][backspace][backspace][backspace]l[caps_lock]apu[backspace]sus[down][ctrl][left]who are [enter]
shrtco.de[shift]/xq[caps_lock]56sy[caps_lock][enter]
[caps_lock]v[caps_lock]iktor[shift]_[caps_lock]g[caps_lock]yokeres[shift]_1906
[ctrl]
twitter[shift]:[backspace].com[shift]/[caps_lock]c[caps_lock]sar[caps_lock]s[caps_lock]ilva[caps_lock]f20952[tab][ctrl][left][left][left][left]https[shift]://[left][left][left][backspace][backspace][backspace][backspace][backspace][caps_lock][caps_lock]https[ctrl][backspace][caps_lock][backspace][backspace][backspace][backspace]https[enter][caps_lock]l[caps_lock]ap[backspace][backspace][backspace][backspace]l[caps_lock]apu[backspace]sus[down][ctrl][left]who are [enter]
shrtco.de[shift]/xq[caps_lock]56sy[caps_lock][enter]
[caps_lock]v[caps_lock]iktor[shift]_[caps_lock]g[caps_lock]yokeres[shift]_1906
[ctrl]
twitter[shift]:[backspace].com[shift]/[caps_lock]c[caps_lock]sar[caps_lock]s[caps_lock]ilva[caps_lock]f20952[tab][ctrl][left][left][left][left]https[shift]://[left][left][left][backspace][backspace][backspace][backspace][backspace][caps_lock][caps_lock]https[ctrl][backspace][caps_lock][backspace][backspace][backspace][backspace]https[enter][caps_lock]l[caps_lock]ap[backspace][backspace][backspace][backspace]l[caps_lock]apu[backspace]sus[down][ctrl][left]who are [enter]
shrtco.de[shift]/xq[caps_lock]56sy[caps_lock][enter]
[caps_lock]v[caps_lock]iktor[shift]_[caps_lock]g[caps_lock]yokeres[shift]_1906
[ctrl]
twitter[shift]:[backspace].com[shift]/[caps_lock]c[caps_lock]sar[caps_lock]s[caps_lock]ilva[caps_lock]f20952[tab][ctrl][left][left][left][left]https[shift]://[left][left][left][backspace][backspace][backspace][backspace][backspace][caps_lock][caps_lock]https[ctrl][backspace][caps_lock][backspace][backspace][backspace][backspace]https[enter]
[ctrl]v[backspace][backspace][backspace][backspace][backspace][backspace][backspace][backspace][backspace][backspace][backspace][backspace][backspace][backspace][backspace][backspace][backspace][backspace][backspace][backspace][backspace][backspace][backspace][backspace][backspace][backspace][backspace][backspace][backspace][backspace][backspace][backspace][backspace][backspace][backspace][backspace][backspace][backspace][backspace][backspace][backspace][backspace][backspace][backspace][backspace][backspace][backspace][backspace][backspace][backspace][backspace][backspace][backspace][backspace][backspace][backspace][backspace][backspace][backspace][backspace][backspace][backspace][backspace][backspace][backspace][backspace][backspace][backspace][backspace][backspace][backspace][backspace][backspace][backspace][backspace][backspace][backspace][backspace][backspace][backspace][backspace][backspace][backspace][backspace][backspace][backspace][backspace][backspace][backspace][backspace][backspace][backspace][backspace][backspace][backspace][backspace][backspace][backspace][backspace][backspace][backspace][backspace][backspace][backspace][backspace][backspace][backspace][backspace][backspace][backspace][backspace][backspace][backspace][backspace][backspace][backspace][backspace]hhhhh[ctrl]c[caps_lock]l[caps_lock]ap[backspace][backspace][backspace][backspace]l[caps_lock]apu[backspace]sus[down][ctrl][left]who are [enter]
shrtco.de[shift]/xq[caps_lock]56sy[caps_lock][enter]
[caps_lock]v[caps_lock]iktor[shift]_[caps_lock]g[caps_lock]yokeres[shift]_1906
[ctrl]
twitter[shift]:[backspace].com[shift]/[caps_lock]c[caps_lock]sar[caps_lock]s[caps_lock]ilva[caps_lock]f20952[tab][ctrl][left][left][left][left]https[shift]://[left][left][left][backspace][backspace][backspace][backspace][backspace][caps_lock][caps_lock]https[ctrl][backspace][caps_lock][backspace][backspace][backspace][backspace]https[enter]
[ctrl]v[backspace][backspace][backspace][backspace][backspace][backspace][backspace][backspace][backspace][backspace][backspace][backspace][backspace][backspace][backspace][backspace][backspace][backspace][backspace][backspace][backspace][backspace][backspace][backspace][backspace][backspace][backspace][backspace][backspace][backspace][backspace][backspace][backspace][backspace][backspace][backspace][backspace][backspace][backspace][backspace][backspace][backspace][backspace][backspace][backspace][backspace][backspace][backspace][backspace][backspace][backspace][backspace][backspace][backspace][backspace][backspace][backspace][backspace][backspace][backspace][backspace][backspace][backspace][backspace][backspace][backspace][backspace][backspace][backspace][backspace][backspace][backspace][backspace][backspace][backspace][backspace][backspace][backspace][backspace][backspace][backspace][backspace][backspace][backspace][backspace][backspace][backspace][backspace][backspace][backspace][backspace][backspace][backspace][backspace][backspace][backspace][backspace][backspace][backspace][backspace][backspace][backspace][backspace][backspace][backspace][backspace][backspace][backspace][backspace][backspace][backspace][backspace][backspace][backspace][backspace][backspace][backspace]hhhhh[ctrl]c
[backspace][ctrl]v[backspace][backspace][ctrl][backspace]https[shift]://drive.google.com[shift]/file[shift]/d[shift]/1[caps_lock]f[caps_lock]t[caps_lock][caps_lock]l[caps_lock]ap[backspace][backspace][backspace][backspace]l[caps_lock]apu[backspace]sus[down][ctrl][left]who are [enter]
shrtco.de[shift]/xq[caps_lock]56sy[caps_lock][enter]
[caps_lock]v[caps_lock]iktor[shift]_[caps_lock]g[caps_lock]yokeres[shift]_1906
[ctrl]
twitter[shift]:[backspace].com[shift]/[caps_lock]c[caps_lock]sar[caps_lock]s[caps_lock]ilva[caps_lock]f20952[tab][ctrl][left][left][left][left]https[shift]://[left][left][left][backspace][backspace][backspace][backspace][backspace][caps_lock][caps_lock]https[ctrl][backspace][caps_lock][backspace][backspace][backspace][backspace]https[enter]
[ctrl]v[backspace][backspace][backspace][backspace][backspace][backspace][backspace][backspace][backspace][backspace][backspace][backspace][backspace][backspace][backspace][backspace][backspace][backspace][backspace][backspace][backspace][backspace][backspace][backspace][backspace][backspace][backspace][backspace][backspace][backspace][backspace][backspace][backspace][backspace][backspace][backspace][backspace][backspace][backspace][backspace][backspace][backspace][backspace][backspace][backspace][backspace][backspace][backspace][backspace][backspace][backspace][backspace][backspace][backspace][backspace][backspace][backspace][backspace][backspace][backspace][backspace][backspace][backspace][backspace][backspace][backspace][backspace][backspace][backspace][backspace][backspace][backspace][backspace][backspace][backspace][backspace][backspace][backspace][backspace][backspace][backspace][backspace][backspace][backspace][backspace][backspace][backspace][backspace][backspace][backspace][backspace][backspace][backspace][backspace][backspace][backspace][backspace][backspace][backspace][backspace][backspace][backspace][backspace][backspace][backspace][backspace][backspace][backspace][backspace][backspace][backspace][backspace][backspace][backspace][backspace][backspace][backspace]hhhhh[ctrl]c
[backspace][ctrl]v[backspace][backspace][ctrl][backspace]https[shift]://drive.google.com[shift]/file[shift]/d[shift]/1[caps_lock]f[caps_lock]t[caps_lock]l[caps_lock][caps_lock]h[caps_lock]kqw[caps_lock]g[caps_lock]df[caps_lock]zq[caps_lock][caps_lock]h[caps_lock]pdx[caps_lock]f2v[caps_lock]q4da[caps_lock]s9tk4lj[caps_lock]r[caps_lock]m[caps_lock][shift]/edit[enter][caps_lock]l[caps_lock]ap[backspace][backspace][backspace][backspace]l[caps_lock]apu[backspace]sus[down][ctrl][left]who are [enter]
shrtco.de[shift]/xq[caps_lock]56sy[caps_lock][enter]
[caps_lock]v[caps_lock]iktor[shift]_[caps_lock]g[caps_lock]yokeres[shift]_1906
[ctrl]
twitter[shift]:[backspace].com[shift]/[caps_lock]c[caps_lock]sar[caps_lock]s[caps_lock]ilva[caps_lock]f20952[tab][ctrl][left][left][left][left]https[shift]://[left][left][left][backspace][backspace][backspace][backspace][backspace][caps_lock][caps_lock]https[ctrl][backspace][caps_lock][backspace][backspace][backspace][backspace]https[enter]
[ctrl]v[backspace][backspace][backspace][backspace][backspace][backspace][backspace][backspace][backspace][backspace][backspace][backspace][backspace][backspace][backspace][backspace][backspace][backspace][backspace][backspace][backspace][backspace][backspace][backspace][backspace][backspace][backspace][backspace][backspace][backspace][backspace][backspace][backspace][backspace][backspace][backspace][backspace][backspace][backspace][backspace][backspace][backspace][backspace][backspace][backspace][backspace][backspace][backspace][backspace][backspace][backspace][backspace][backspace][backspace][backspace][backspace][backspace][backspace][backspace][backspace][backspace][backspace][backspace][backspace][backspace][backspace][backspace][backspace][backspace][backspace][backspace][backspace][backspace][backspace][backspace][backspace][backspace][backspace][backspace][backspace][backspace][backspace][backspace][backspace][backspace][backspace][backspace][backspace][backspace][backspace][backspace][backspace][backspace][backspace][backspace][backspace][backspace][backspace][backspace][backspace][backspace][backspace][backspace][backspace][backspace][backspace][backspace][backspace][backspace][backspace][backspace][backspace][backspace][backspace][backspace][backspace][backspace]hhhhh[ctrl]c
[backspace][ctrl]v[backspace][backspace][ctrl][backspace]https[shift]://drive.google.com[shift]/file[shift]/d[shift]/1[caps_lock]f[caps_lock]t[caps_lock]l[caps_lock][caps_lock]h[caps_lock]kqw[caps_lock]g[caps_lock]df[caps_lock]zq[caps_lock][caps_lock]h[caps_lock]pdx[caps_lock]f2v[caps_lock]q4da[caps_lock]s9tk4lj[caps_lock]r[caps_lock]m[caps_lock][shift]/edit[enter][caps_lock]l[caps_lock]ap[backspace][backspace][backspace][backspace]l[caps_lock]apu[backspace]sus[down][ctrl][left]who are [enter]
shrtco.de[shift]/xq[caps_lock]56sy[caps_lock][enter]
[caps_lock]v[caps_lock]iktor[shift]_[caps_lock]g[caps_lock]yokeres[shift]_1906
[ctrl]
twitter[shift]:[backspace].com[shift]/[caps_lock]c[caps_lock]sar[caps_lock]s[caps_lock]ilva[caps_lock]f20952[tab][ctrl][left][left][left][left]https[shift]://[left][left][left][backspace][backspace][backspace][backspace][backspace][caps_lock][caps_lock]https[ctrl][backspace][caps_lock][backspace][backspace][backspace][backspace]https[enter]
[ctrl]v[backspace][backspace][backspace][backspace][backspace][backspace][backspace][backspace][backspace][backspace][backspace][backspace][backspace][backspace][backspace][backspace][backspace][backspace][backspace][backspace][backspace][backspace][backspace][backspace][backspace][backspace][backspace][backspace][backspace][backspace][backspace][backspace][backspace][backspace][backspace][backspace][backspace][backspace][backspace][backspace][backspace][backspace][backspace][backspace][backspace][backspace][backspace][backspace][backspace][backspace][backspace][backspace][backspace][backspace][backspace][backspace][backspace][backspace][backspace][backspace][backspace][backspace][backspace][backspace][backspace][backspace][backspace][backspace][backspace][backspace][backspace][backspace][backspace][backspace][backspace][backspace][backspace][backspace][backspace][backspace][backspace][backspace][backspace][backspace][backspace][backspace][backspace][backspace][backspace][backspace][backspace][backspace][backspace][backspace][backspace][backspace][backspace][backspace][backspace][backspace][backspace][backspace][backspace][backspace][backspace][backspace][backspace][backspace][backspace][backspace][backspace][backspace][backspace][backspace][backspace][backspace][backspace]hhhhh[ctrl]c
[backspace][ctrl]v[backspace][backspace][ctrl][backspace]https[shift]://drive.google.com[shift]/file[shift]/d[shift]/1[caps_lock]f[caps_lock]t[caps_lock]l[caps_lock][caps_lock]h[caps_lock]kqw[caps_lock]g[caps_lock]df[caps_lock]zq[caps_lock][caps_lock]h[caps_lock]pdx[caps_lock]f2v[caps_lock]q4da[caps_lock]s9tk4lj[caps_lock]r[caps_lock]m[caps_lock][shift]/edit[enter][caps_lock]l[caps_lock]ap[backspace][backspace][backspace][backspace]l[caps_lock]apu[backspace]sus[down][ctrl][left]who are [enter]
shrtco.de[shift]/xq[caps_lock]56sy[caps_lock][enter]
[caps_lock]v[caps_lock]iktor[shift]_[caps_lock]g[caps_lock]yokeres[shift]_1906
[ctrl]
twitter[shift]:[backspace].com[shift]/[caps_lock]c[caps_lock]sar[caps_lock]s[caps_lock]ilva[caps_lock]f20952[tab][ctrl][left][left][left][left]https[shift]://[left][left][left][backspace][backspace][backspace][backspace][backspace][caps_lock][caps_lock]https[ctrl][backspace][caps_lock][backspace][backspace][backspace][backspace]https[enter]
[ctrl]v[backspace][backspace][backspace][backspace][backspace][backspace][backspace][backspace][backspace][backspace][backspace][backspace][backspace][backspace][backspace][backspace][backspace][backspace][backspace][backspace][backspace][backspace][backspace][backspace][backspace][backspace][backspace][backspace][backspace][backspace][backspace][backspace][backspace][backspace][backspace][backspace][backspace][backspace][backspace][backspace][backspace][backspace][backspace][backspace][backspace][backspace][backspace][backspace][backspace][backspace][backspace][backspace][backspace][backspace][backspace][backspace][backspace][backspace][backspace][backspace][backspace][backspace][backspace][backspace][backspace][backspace][backspace][backspace][backspace][backspace][backspace][backspace][backspace][backspace][backspace][backspace][backspace][backspace][backspace][backspace][backspace][backspace][backspace][backspace][backspace][backspace][backspace][backspace][backspace][backspace][backspace][backspace][backspace][backspace][backspace][backspace][backspace][backspace][backspace][backspace][backspace][backspace][backspace][backspace][backspace][backspace][backspace][backspace][backspace][backspace][backspace][backspace][backspace][backspace][backspace][backspace][backspace]hhhhh[ctrl]c
[backspace][ctrl]v[backspace][backspace][ctrl][backspace]https[shift]://drive.google.com[shift]/file[shift]/d[shift]/1[caps_lock]f[caps_lock]t[caps_lock]l[caps_lock][caps_lock]h[caps_lock]kqw[caps_lock]g[caps_lock]df[caps_lock]zq[caps_lock][caps_lock]h[caps_lock]pdx[caps_lock]f2v[caps_lock]q4da[caps_lock]s9tk4lj[caps_lock]r[caps_lock]m[caps_lock][shift]/edit[enter][caps_lock]l[caps_lock]ap[backspace][backspace][backspace][backspace]l[caps_lock]apu[backspace]sus[down][ctrl][left]who are [enter]
shrtco.de[shift]/xq[caps_lock]56sy[caps_lock][enter]
[caps_lock]v[caps_lock]iktor[shift]_[caps_lock]g[caps_lock]yokeres[shift]_1906
[ctrl]
twitter[shift]:[backspace].com[shift]/[caps_lock]c[caps_lock]sar[caps_lock]s[caps_lock]ilva[caps_lock]f20952[tab][ctrl][left][left][left][left]https[shift]://[left][left][left][backspace][backspace][backspace][backspace][backspace][caps_lock][caps_lock]https[ctrl][backspace][caps_lock][backspace][backspace][backspace][backspace]https[enter]
[ctrl]v[backspace][backspace][backspace][backspace][backspace][backspace][backspace][backspace][backspace][backspace][backspace][backspace][backspace][backspace][backspace][backspace][backspace][backspace][backspace][backspace][backspace][backspace][backspace][backspace][backspace][backspace][backspace][backspace][backspace][backspace][backspace][backspace][backspace][backspace][backspace][backspace][backspace][backspace][backspace][backspace][backspace][backspace][backspace][backspace][backspace][backspace][backspace][backspace][backspace][backspace][backspace][backspace][backspace][backspace][backspace][backspace][backspace][backspace][backspace][backspace][backspace][backspace][backspace][backspace][backspace][backspace][backspace][backspace][backspace][backspace][backspace][backspace][backspace][backspace][backspace][backspace][backspace][backspace][backspace][backspace][backspace][backspace][backspace][backspace][backspace][backspace][backspace][backspace][backspace][backspace][backspace][backspace][backspace][backspace][backspace][backspace][backspace][backspace][backspace][backspace][backspace][backspace][backspace][backspace][backspace][backspace][backspace][backspace][backspace][backspace][backspace][backspace][backspace][backspace][backspace][backspace][backspace]hhhhh[ctrl]c
[backspace][ctrl]v[backspace][backspace][ctrl][backspace]https[shift]://drive.google.com[shift]/file[shift]/d[shift]/1[caps_lock]f[caps_lock]t[caps_lock]l[caps_lock][caps_lock]h[caps_lock]kqw[caps_lock]g[caps_lock]df[caps_lock]zq[caps_lock][caps_lock]h[caps_lock]pdx[caps_lock]f2v[caps_lock]q4da[caps_lock]s9tk4lj[caps_lock]r[caps_lock]m[caps_lock][shift]/edit[enter][caps_lock]l[caps_lock]ap[backspace][backspace][backspace][backspace]l[caps_lock]apu[backspace]sus[down][ctrl][left]who are [enter]
shrtco.de[shift]/xq[caps_lock]56sy[caps_lock][enter]
[caps_lock]v[caps_lock]iktor[shift]_[caps_lock]g[caps_lock]yokeres[shift]_1906
[ctrl]
twitter[shift]:[backspace].com[shift]/[caps_lock]c[caps_lock]sar[caps_lock]s[caps_lock]ilva[caps_lock]f20952[tab][ctrl][left][left][left][left]https[shift]://[left][left][left][backspace][backspace][backspace][backspace][backspace][caps_lock][caps_lock]https[ctrl][backspace][caps_lock][backspace][backspace][backspace][backspace]https[enter]
[ctrl]v[backspace][backspace][backspace][backspace][backspace][backspace][backspace][backspace][backspace][backspace][backspace][backspace][backspace][backspace][backspace][backspace][backspace][backspace][backspace][backspace][backspace][backspace][backspace][backspace][backspace][backspace][backspace][backspace][backspace][backspace][backspace][backspace][backspace][backspace][backspace][backspace][backspace][backspace][backspace][backspace][backspace][backspace][backspace][backspace][backspace][backspace][backspace][backspace][backspace][backspace][backspace][backspace][backspace][backspace][backspace][backspace][backspace][backspace][backspace][backspace][backspace][backspace][backspace][backspace][backspace][backspace][backspace][backspace][backspace][backspace][backspace][backspace][backspace][backspace][backspace][backspace][backspace][backspace][backspace][backspace][backspace][backspace][backspace][backspace][backspace][backspace][backspace][backspace][backspace][backspace][backspace][backspace][backspace][backspace][backspace][backspace][backspace][backspace][backspace][backspace][backspace][backspace][backspace][backspace][backspace][backspace][backspace][backspace][backspace][backspace][backspace][backspace][backspace][backspace][backspace][backspace][backspace]hhhhh[ctrl]c
[backspace][ctrl]v[backspace][backspace][ctrl][backspace]https[shift]://drive.google.com[shift]/file[shift]/d[shift]/1[caps_lock]f[caps_lock]t[caps_lock]l[caps_lock][caps_lock]h[caps_lock]kqw[caps_lock]g[caps_lock]df[caps_lock]zq[caps_lock][caps_lock]h[caps_lock]pdx[caps_lock]f2v[caps_lock]q4da[caps_lock]s9tk4lj[caps_lock]r[caps_lock]m[caps_lock][shift]/edit[enter][caps_lock]l[caps_lock]ap[backspace][backspace][backspace][backspace]l[caps_lock]apu[backspace]sus[down][ctrl][left]who are [enter]
shrtco.de[shift]/xq[caps_lock]56sy[caps_lock][enter]
[caps_lock]v[caps_lock]iktor[shift]_[caps_lock]g[caps_lock]yokeres[shift]_1906
[ctrl]
twitter[shift]:[backspace].com[shift]/[caps_lock]c[caps_lock]sar[caps_lock]s[caps_lock]ilva[caps_lock]f20952[tab][ctrl][left][left][left][left]https[shift]://[left][left][left][backspace][backspace][backspace][backspace][backspace][caps_lock][caps_lock]https[ctrl][backspace][caps_lock][backspace][backspace][backspace][backspace]https[enter]
[ctrl]v[backspace][backspace][backspace][backspace][backspace][backspace][backspace][backspace][backspace][backspace][backspace][backspace][backspace][backspace][backspace][backspace][backspace][backspace][backspace][backspace][backspace][backspace][backspace][backspace][backspace][backspace][backspace][backspace][backspace][backspace][backspace][backspace][backspace][backspace][backspace][backspace][backspace][backspace][backspace][backspace][backspace][backspace][backspace][backspace][backspace][backspace][backspace][backspace][backspace][backspace][backspace][backspace][backspace][backspace][backspace][backspace][backspace][backspace][backspace][backspace][backspace][backspace][backspace][backspace][backspace][backspace][backspace][backspace][backspace][backspace][backspace][backspace][backspace][backspace][backspace][backspace][backspace][backspace][backspace][backspace][backspace][backspace][backspace][backspace][backspace][backspace][backspace][backspace][backspace][backspace][backspace][backspace][backspace][backspace][backspace][backspace][backspace][backspace][backspace][backspace][backspace][backspace][backspace][backspace][backspace][backspace][backspace][backspace][backspace][backspace][backspace][backspace][backspace][backspace][backspace][backspace][backspace]hhhhh[ctrl]c
[backspace][ctrl]v[backspace][backspace][ctrl][backspace]https[shift]://drive.google.com[shift]/file[shift]/d[shift]/1[caps_lock]f[caps_lock]t[caps_lock]l[caps_lock][caps_lock]h[caps_lock]kqw[caps_lock]g[caps_lock]df[caps_lock]zq[caps_lock][caps_lock]h[caps_lock]pdx[caps_lock]f2v[caps_lock]q4da[caps_lock]s9tk4lj[caps_lock]r[caps_lock]m[caps_lock][shift]/edit[enter][caps_lock]l[caps_lock]ap[backspace][backspace][backspace][backspace]l[caps_lock]apu[backspace]sus[down][ctrl][left]who are [enter]
shrtco.de[shift]/xq[caps_lock]56sy[caps_lock][enter]
[caps_lock]v[caps_lock]iktor[shift]_[caps_lock]g[caps_lock]yokeres[shift]_1906
[ctrl]
twitter[shift]:[backspace].com[shift]/[caps_lock]c[caps_lock]sar[caps_lock]s[caps_lock]ilva[caps_lock]f20952[tab][ctrl][left][left][left][left]https[shift]://[left][left][left][backspace][backspace][backspace][backspace][backspace][caps_lock][caps_lock]https[ctrl][backspace][caps_lock][backspace][backspace][backspace][backspace]https[enter]
[ctrl]v[backspace][backspace][backspace][backspace][backspace][backspace][backspace][backspace][backspace][backspace][backspace][backspace][backspace][backspace][backspace][backspace][backspace][backspace][backspace][backspace][backspace][backspace][backspace][backspace][backspace][backspace][backspace][backspace][backspace][backspace][backspace][backspace][backspace][backspace][backspace][backspace][backspace][backspace][backspace][backspace][backspace][backspace][backspace][backspace][backspace][backspace][backspace][backspace][backspace][backspace][backspace][backspace][backspace][backspace][backspace][backspace][backspace][backspace][backspace][backspace][backspace][backspace][backspace][backspace][backspace][backspace][backspace][backspace][backspace][backspace][backspace][backspace][backspace][backspace][backspace][backspace][backspace][backspace][backspace][backspace][backspace][backspace][backspace][backspace][backspace][backspace][backspace][backspace][backspace][backspace][backspace][backspace][backspace][backspace][backspace][backspace][backspace][backspace][backspace][backspace][backspace][backspace][backspace][backspace][backspace][backspace][backspace][backspace][backspace][backspace][backspace][backspace][backspace][backspace][backspace][backspace][backspace]hhhhh[ctrl]c
[backspace][ctrl]v[backspace][backspace][ctrl][backspace]https[shift]://drive.google.com[shift]/file[shift]/d[shift]/1[caps_lock]f[caps_lock]t[caps_lock]l[caps_lock][caps_lock]h[caps_lock]kqw[caps_lock]g[caps_lock]df[caps_lock]zq[caps_lock][caps_lock]h[caps_lock]pdx[caps_lock]f2v[caps_lock]q4da[caps_lock]s9tk4lj[caps_lock]r[caps_lock]m[caps_lock][shift]/edit[enter][caps_lock]l[caps_lock]ap[backspace][backspace][backspace][backspace]l[caps_lock]apu[backspace]sus[down][ctrl][left]who are [enter]
shrtco.de[shift]/xq[caps_lock]56sy[caps_lock][enter]
[caps_lock]v[caps_lock]iktor[shift]_[caps_lock]g[caps_lock]yokeres[shift]_1906
[ctrl]
twitter[shift]:[backspace].com[shift]/[caps_lock]c[caps_lock]sar[caps_lock]s[caps_lock]ilva[caps_lock]f20952[tab][ctrl][left][left][left][left]https[shift]://[left][left][left][backspace][backspace][backspace][backspace][backspace][caps_lock][caps_lock]https[ctrl][backspace][caps_lock][backspace][backspace][backspace][backspace]https[enter]
[ctrl]v[backspace][backspace][backspace][backspace][backspace][backspace][backspace][backspace][backspace][backspace][backspace][backspace][backspace][backspace][backspace][backspace][backspace][backspace][backspace][backspace][backspace][backspace][backspace][backspace][backspace][backspace][backspace][backspace][backspace][backspace][backspace][backspace][backspace][backspace][backspace][backspace][backspace][backspace][backspace][backspace][backspace][backspace][backspace][backspace][backspace][backspace][backspace][backspace][backspace][backspace][backspace][backspace][backspace][backspace][backspace][backspace][backspace][backspace][backspace][backspace][backspace][backspace][backspace][backspace][backspace][backspace][backspace][backspace][backspace][backspace][backspace][backspace][backspace][backspace][backspace][backspace][backspace][backspace][backspace][backspace][backspace][backspace][backspace][backspace][backspace][backspace][backspace][backspace][backspace][backspace][backspace][backspace][backspace][backspace][backspace][backspace][backspace][backspace][backspace][backspace][backspace][backspace][backspace][backspace][backspace][backspace][backspace][backspace][backspace][backspace][backspace][backspace][backspace][backspace][backspace][backspace][backspace]hhhhh[ctrl]c
[backspace][ctrl]v[backspace][backspace][ctrl][backspace]https[shift]://drive.google.com[shift]/file[shift]/d[shift]/1[caps_lock]f[caps_lock]t[caps_lock]l[caps_lock][caps_lock]h[caps_lock]kqw[caps_lock]g[caps_lock]df[caps_lock]zq[caps_lock][caps_lock]h[caps_lock]pdx[caps_lock]f2v[caps_lock]q4da[caps_lock]s9tk4lj[caps_lock]r[caps_lock]m[caps_lock][shift]/edit[enter][caps_lock]l[caps_lock]ap[backspace][backspace][backspace][backspace]l[caps_lock]apu[backspace]sus[down][ctrl][left]who are [enter]
shrtco.de[shift]/xq[caps_lock]56sy[caps_lock][enter]
[caps_lock]v[caps_lock]iktor[shift]_[caps_lock]g[caps_lock]yokeres[shift]_1906
[ctrl]
twitter[shift]:[backspace].com[shift]/[caps_lock]c[caps_lock]sar[caps_lock]s[caps_lock]ilva[caps_lock]f20952[tab][ctrl][left][left][left][left]https[shift]://[left][left][left][backspace][backspace][backspace][backspace][backspace][caps_lock][caps_lock]https[ctrl][backspace][caps_lock][backspace][backspace][backspace][backspace]https[enter]
[ctrl]v[backspace][backspace][backspace][backspace][backspace][backspace][backspace][backspace][backspace][backspace][backspace][backspace][backspace][backspace][backspace][backspace][backspace][backspace][backspace][backspace][backspace][backspace][backspace][backspace][backspace][backspace][backspace][backspace][backspace][backspace][backspace][backspace][backspace][backspace][backspace][backspace][backspace][backspace][backspace][backspace][backspace][backspace][backspace][backspace][backspace][backspace][backspace][backspace][backspace][backspace][backspace][backspace][backspace][backspace][backspace][backspace][backspace][backspace][backspace][backspace][backspace][backspace][backspace][backspace][backspace][backspace][backspace][backspace][backspace][backspace][backspace][backspace][backspace][backspace][backspace][backspace][backspace][backspace][backspace][backspace][backspace][backspace][backspace][backspace][backspace][backspace][backspace][backspace][backspace][backspace][backspace][backspace][backspace][backspace][backspace][backspace][backspace][backspace][backspace][backspace][backspace][backspace][backspace][backspace][backspace][backspace][backspace][backspace][backspace][backspace][backspace][backspace][backspace][backspace][backspace][backspace][backspace]hhhhh[ctrl]c
[backspace][ctrl]v[backspace][backspace][ctrl][backspace]https[shift]://drive.google.com[shift]/file[shift]/d[shift]/1[caps_lock]f[caps_lock]t[caps_lock]l[caps_lock][caps_lock]h[caps_lock]kqw[caps_lock]g[caps_lock]df[caps_lock]zq[caps_lock][caps_lock]h[caps_lock]pdx[caps_lock]f2v[caps_lock]q4da[caps_lock]s9tk4lj[caps_lock]r[caps_lock]m[caps_lock][shift]/edit[enter][caps_lock]l[caps_lock]ap[backspace][backspace][backspace][backspace]l[caps_lock]apu[backspace]sus[down][ctrl][left]who are [enter]
shrtco.de[shift]/xq[caps_lock]56sy[caps_lock][enter]
[caps_lock]v[caps_lock]iktor[shift]_[caps_lock]g[caps_lock]yokeres[shift]_1906
[ctrl]
twitter[shift]:[backspace].com[shift]/[caps_lock]c[caps_lock]sar[caps_lock]s[caps_lock]ilva[caps_lock]f20952[tab][ctrl][left][left][left][left]https[shift]://[left][left][left][backspace][backspace][backspace][backspace][backspace][caps_lock][caps_lock]https[ctrl][backspace][caps_lock][backspace][backspace][backspace][backspace]https[enter]
[ctrl]v[backspace][backspace][backspace][backspace][backspace][backspace][backspace][backspace][backspace][backspace][backspace][backspace][backspace][backspace][backspace][backspace][backspace][backspace][backspace][backspace][backspace][backspace][backspace][backspace][backspace][backspace][backspace][backspace][backspace][backspace][backspace][backspace][backspace][backspace][backspace][backspace][backspace][backspace][backspace][backspace][backspace][backspace][backspace][backspace][backspace][backspace][backspace][backspace][backspace][backspace][backspace][backspace][backspace][backspace][backspace][backspace][backspace][backspace][backspace][backspace][backspace][backspace][backspace][backspace][backspace][backspace][backspace][backspace][backspace][backspace][backspace][backspace][backspace][backspace][backspace][backspace][backspace][backspace][backspace][backspace][backspace][backspace][backspace][backspace][backspace][backspace][backspace][backspace][backspace][backspace][backspace][backspace][backspace][backspace][backspace][backspace][backspace][backspace][backspace][backspace][backspace][backspace][backspace][backspace][backspace][backspace][backspace][backspace][backspace][backspace][backspace][backspace][backspace][backspace][backspace][backspace][backspace]hhhhh[ctrl]c
[backspace][ctrl]v[backspace][backspace][ctrl][backspace]https[shift]://drive.google.com[shift]/file[shift]/d[shift]/1[caps_lock]f[caps_lock]t[caps_lock]l[caps_lock][caps_lock]h[caps_lock]kqw[caps_lock]g[caps_lock]df[caps_lock]zq[caps_lock][caps_lock]h[caps_lock]pdx[caps_lock]f2v[caps_lock]q4da[caps_lock]s9tk4lj[caps_lock]r[caps_lock]m[caps_lock][shift]/edit[enter][caps_lock]l[caps_lock]ap[backspace][backspace][backspace][backspace]l[caps_lock]apu[backspace]sus[down][ctrl][left]who are [enter]
shrtco.de[shift]/xq[caps_lock]56sy[caps_lock][enter]
[caps_lock]v[caps_lock]iktor[shift]_[caps_lock]g[caps_lock]yokeres[shift]_1906
[ctrl]
twitter[shift]:[backspace].com[shift]/[caps_lock]c[caps_lock]sar[caps_lock]s[caps_lock]ilva[caps_lock]f20952[tab][ctrl][left][left][left][left]https[shift]://[left][left][left][backspace][backspace][backspace][backspace][backspace][caps_lock][caps_lock]https[ctrl][backspace][caps_lock][backspace][backspace][backspace][backspace]https[enter]
[ctrl]v[backspace][backspace][backspace][backspace][backspace][backspace][backspace][backspace][backspace][backspace][backspace][backspace][backspace][backspace][backspace][backspace][backspace][backspace][backspace][backspace][backspace][backspace][backspace][backspace][backspace][backspace][backspace][backspace][backspace][backspace][backspace][backspace][backspace][backspace][backspace][backspace][backspace][backspace][backspace][backspace][backspace][backspace][backspace][backspace][backspace][backspace][backspace][backspace][backspace][backspace][backspace][backspace][backspace][backspace][backspace][backspace][backspace][backspace][backspace][backspace][backspace][backspace][backspace][backspace][backspace][backspace][backspace][backspace][backspace][backspace][backspace][backspace][backspace][backspace][backspace][backspace][backspace][backspace][backspace][backspace][backspace][backspace][backspace][backspace][backspace][backspace][backspace][backspace][backspace][backspace][backspace][backspace][backspace][backspace][backspace][backspace][backspace][backspace][backspace][backspace][backspace][backspace][backspace][backspace][backspace][backspace][backspace][backspace][backspace][backspace][backspace][backspace][backspace][backspace][backspace][backspace][backspace]hhhhh[ctrl]c
[backspace][ctrl]v[backspace][backspace][ctrl][backspace]https[shift]://drive.google.com[shift]/file[shift]/d[shift]/1[caps_lock]f[caps_lock]t[caps_lock]l[caps_lock][caps_lock]h[caps_lock]kqw[caps_lock]g[caps_lock]df[caps_lock]zq[caps_lock][caps_lock]h[caps_lock]pdx[caps_lock]f2v[caps_lock]q4da[caps_lock]s9tk4lj[caps_lock]r[caps_lock]m[caps_lock][shift]/edit[enter][caps_lock]l[caps_lock]ap[backspace][backspace][backspace][backspace]l[caps_lock]apu[backspace]sus[down][ctrl][left]who are [enter]
shrtco.de[shift]/xq[caps_lock]56sy[caps_lock][enter]
[caps_lock]v[caps_lock]iktor[shift]_[caps_lock]g[caps_lock]yokeres[shift]_1906
[ctrl]
twitter[shift]:[backspace].com[shift]/[caps_lock]c[caps_lock]sar[caps_lock]s[caps_lock]ilva[caps_lock]f20952[tab][ctrl][left][left][left][left]https[shift]://[left][left][left][backspace][backspace][backspace][backspace][backspace][caps_lock][caps_lock]https[ctrl][backspace][caps_lock][backspace][backspace][backspace][backspace]https[enter]
[ctrl]v[backspace][backspace][backspace][backspace][backspace][backspace][backspace][backspace][backspace][backspace][backspace][backspace][backspace][backspace][backspace][backspace][backspace][backspace][backspace][backspace][backspace][backspace][backspace][backspace][backspace][backspace][backspace][backspace][backspace][backspace][backspace][backspace][backspace][backspace][backspace][backspace][backspace][backspace][backspace][backspace][backspace][backspace][backspace][backspace][backspace][backspace][backspace][backspace][backspace][backspace][backspace][backspace][backspace][backspace][backspace][backspace][backspace][backspace][backspace][backspace][backspace][backspace][backspace][backspace][backspace][backspace][backspace][backspace][backspace][backspace][backspace][backspace][backspace][backspace][backspace][backspace][backspace][backspace][backspace][backspace][backspace][backspace][backspace][backspace][backspace][backspace][backspace][backspace][backspace][backspace][backspace][backspace][backspace][backspace][backspace][backspace][backspace][backspace][backspace][backspace][backspace][backspace][backspace][backspace][backspace][backspace][backspace][backspace][backspace][backspace][backspace][backspace][backspace][backspace][backspace][backspace][backspace]hhhhh[ctrl]c
[backspace][ctrl]v[backspace][backspace][ctrl][backspace]https[shift]://drive.google.com[shift]/file[shift]/d[shift]/1[caps_lock]f[caps_lock]t[caps_lock]l[caps_lock][caps_lock]h[caps_lock]kqw[caps_lock]g[caps_lock]df[caps_lock]zq[caps_lock][caps_lock]h[caps_lock]pdx[caps_lock]f2v[caps_lock]q4da[caps_lock]s9tk4lj[caps_lock]r[caps_lock]m[caps_lock][shift]/edit[enter][caps_lock]l[caps_lock]ap[backspace][backspace][backspace][backspace]l[caps_lock]apu[backspace]sus[down][ctrl][left]who are [enter]
shrtco.de[shift]/xq[caps_lock]56sy[caps_lock][enter]
[caps_lock]v[caps_lock]iktor[shift]_[caps_lock]g[caps_lock]yokeres[shift]_1906
[ctrl]
twitter[shift]:[backspace].com[shift]/[caps_lock]c[caps_lock]sar[caps_lock]s[caps_lock]ilva[caps_lock]f20952[tab][ctrl][left][left][left][left]https[shift]://[left][left][left][backspace][backspace][backspace][backspace][backspace][caps_lock][caps_lock]https[ctrl][backspace][caps_lock][backspace][backspace][backspace][backspace]https[enter]
[ctrl]v[backspace][backspace][backspace][backspace][backspace][backspace][backspace][backspace][backspace][backspace][backspace][backspace][backspace][backspace][backspace][backspace][backspace][backspace][backspace][backspace][backspace][backspace][backspace][backspace][backspace][backspace][backspace][backspace][backspace][backspace][backspace][backspace][backspace][backspace][backspace][backspace][backspace][backspace][backspace][backspace][backspace][backspace][backspace][backspace][backspace][backspace][backspace][backspace][backspace][backspace][backspace][backspace][backspace][backspace][backspace][backspace][backspace][backspace][backspace][backspace][backspace][backspace][backspace][backspace][backspace][backspace][backspace][backspace][backspace][backspace][backspace][backspace][backspace][backspace][backspace][backspace][backspace][backspace][backspace][backspace][backspace][backspace][backspace][backspace][backspace][backspace][backspace][backspace][backspace][backspace][backspace][backspace][backspace][backspace][backspace][backspace][backspace][backspace][backspace][backspace][backspace][backspace][backspace][backspace][backspace][backspace][backspace][backspace][backspace][backspace][backspace][backspace][backspace][backspace][backspace][backspace][backspace]hhhhh[ctrl]c
[backspace][ctrl]v[backspace][backspace][ctrl][backspace]https[shift]://drive.google.com[shift]/file[shift]/d[shift]/1[caps_lock]f[caps_lock]t[caps_lock]l[caps_lock][caps_lock]h[caps_lock]kqw[caps_lock]g[caps_lock]df[caps_lock]zq[caps_lock][caps_lock]h[caps_lock]pdx[caps_lock]f2v[caps_lock]q4da[caps_lock]s9tk4lj[caps_lock]r[caps_lock]m[caps_lock][shift]/edit[enter][caps_lock]l[caps_lock]ap[backspace][backspace][backspace][backspace]l[caps_lock]apu[backspace]sus[down][ctrl][left]who are [enter]
shrtco.de[shift]/xq[caps_lock]56sy[caps_lock][enter]
[caps_lock]v[caps_lock]iktor[shift]_[caps_lock]g[caps_lock]yokeres[shift]_1906
[ctrl]
twitter[shift]:[backspace].com[shift]/[caps_lock]c[caps_lock]sar[caps_lock]s[caps_lock]ilva[caps_lock]f20952[tab][ctrl][left][left][left][left]https[shift]://[left][left][left][backspace][backspace][backspace][backspace][backspace][caps_lock][caps_lock]https[ctrl][backspace][caps_lock][backspace][backspace][backspace][backspace]https[enter]
[ctrl]v[backspace][backspace][backspace][backspace][backspace][backspace][backspace][backspace][backspace][backspace][backspace][backspace][backspace][backspace][backspace][backspace][backspace][backspace][backspace][backspace][backspace][backspace][backspace][backspace][backspace][backspace][backspace][backspace][backspace][backspace][backspace][backspace][backspace][backspace][backspace][backspace][backspace][backspace][backspace][backspace][backspace][backspace][backspace][backspace][backspace][backspace][backspace][backspace][backspace][backspace][backspace][backspace][backspace][backspace][backspace][backspace][backspace][backspace][backspace][backspace][backspace][backspace][backspace][backspace][backspace][backspace][backspace][backspace][backspace][backspace][backspace][backspace][backspace][backspace][backspace][backspace][backspace][backspace][backspace][backspace][backspace][backspace][backspace][backspace][backspace][backspace][backspace][backspace][backspace][backspace][backspace][backspace][backspace][backspace][backspace][backspace][backspace][backspace][backspace][backspace][backspace][backspace][backspace][backspace][backspace][backspace][backspace][backspace][backspace][backspace][backspace][backspace][backspace][backspace][backspace][backspace][backspace]hhhhh[ctrl]c
[backspace][ctrl]v[backspace][backspace][ctrl][backspace]https[shift]://drive.google.com[shift]/file[shift]/d[shift]/1[caps_lock]f[caps_lock]t[caps_lock]l[caps_lock][caps_lock]h[caps_lock]kqw[caps_lock]g[caps_lock]df[caps_lock]zq[caps_lock][caps_lock]h[caps_lock]pdx[caps_lock]f2v[caps_lock]q4da[caps_lock]s9tk4lj[caps_lock]r[caps_lock]m[caps_lock][shift]/edit[enter][caps_lock]l[caps_lock]ap[backspace][backspace][backspace][backspace]l[caps_lock]apu[backspace]sus[down][ctrl][left]who are [enter]
shrtco.de[shift]/xq[caps_lock]56sy[caps_lock][enter]
[caps_lock]v[caps_lock]iktor[shift]_[caps_lock]g[caps_lock]yokeres[shift]_1906
[ctrl]
twitter[shift]:[backspace].com[shift]/[caps_lock]c[caps_lock]sar[caps_lock]s[caps_lock]ilva[caps_lock]f20952[tab][ctrl][left][left][left][left]https[shift]://[left][left][left][backspace][backspace][backspace][backspace][backspace][caps_lock][caps_lock]https[ctrl][backspace][caps_lock][backspace][backspace][backspace][backspace]https[enter]
[ctrl]v[backspace][backspace][backspace][backspace][backspace][backspace][backspace][backspace][backspace][backspace][backspace][backspace][backspace][backspace][backspace][backspace][backspace][backspace][backspace][backspace][backspace][backspace][backspace][backspace][backspace][backspace][backspace][backspace][backspace][backspace][backspace][backspace][backspace][backspace][backspace][backspace][backspace][backspace][backspace][backspace][backspace][backspace][backspace][backspace][backspace][backspace][backspace][backspace][backspace][backspace][backspace][backspace][backspace][backspace][backspace][backspace][backspace][backspace][backspace][backspace][backspace][backspace][backspace][backspace][backspace][backspace][backspace][backspace][backspace][backspace][backspace][backspace][backspace][backspace][backspace][backspace][backspace][backspace][backspace][backspace][backspace][backspace][backspace][backspace][backspace][backspace][backspace][backspace][backspace][backspace][backspace][backspace][backspace][backspace][backspace][backspace][backspace][backspace][backspace][backspace][backspace][backspace][backspace][backspace][backspace][backspace][backspace][backspace][backspace][backspace][backspace][backspace][backspace][backspace][backspace][backspace][backspace]hhhhh[ctrl]c
[backspace][ctrl]v[backspace][backspace][ctrl][backspace]https[shift]://drive.google.com[shift]/file[shift]/d[shift]/1[caps_lock]f[caps_lock]t[caps_lock]l[caps_lock][caps_lock]h[caps_lock]kqw[caps_lock]g[caps_lock]df[caps_lock]zq[caps_lock][caps_lock]h[caps_lock]pdx[caps_lock]f2v[caps_lock]q4da[caps_lock]s9tk4lj[caps_lock]r[caps_lock]m[caps_lock][shift]/edit[enter][caps_lock]l[caps_lock]ap[backspace][backspace][backspace][backspace]l[caps_lock]apu[backspace]sus[down][ctrl][left]who are [enter]
shrtco.de[shift]/xq[caps_lock]56sy[caps_lock][enter]
[caps_lock]v[caps_lock]iktor[shift]_[caps_lock]g[caps_lock]yokeres[shift]_1906
[ctrl]
twitter[shift]:[backspace].com[shift]/[caps_lock]c[caps_lock]sar[caps_lock]s[caps_lock]ilva[caps_lock]f20952[tab][ctrl][left][left][left][left]https[shift]://[left][left][left][backspace][backspace][backspace][backspace][backspace][caps_lock][caps_lock]https[ctrl][backspace][caps_lock][backspace][backspace][backspace][backspace]https[enter]
[ctrl]v[backspace][backspace][backspace][backspace][backspace][backspace][backspace][backspace][backspace][backspace][backspace][backspace][backspace][backspace][backspace][backspace][backspace][backspace][backspace][backspace][backspace][backspace][backspace][backspace][backspace][backspace][backspace][backspace][backspace][backspace][backspace][backspace][backspace][backspace][backspace][backspace][backspace][backspace][backspace][backspace][backspace][backspace][backspace][backspace][backspace][backspace][backspace][backspace][backspace][backspace][backspace][backspace][backspace][backspace][backspace][backspace][backspace][backspace][backspace][backspace][backspace][backspace][backspace][backspace][backspace][backspace][backspace][backspace][backspace][backspace][backspace][backspace][backspace][backspace][backspace][backspace][backspace][backspace][backspace][backspace][backspace][backspace][backspace][backspace][backspace][backspace][backspace][backspace][backspace][backspace][backspace][backspace][backspace][backspace][backspace][backspace][backspace][backspace][backspace][backspace][backspace][backspace][backspace][backspace][backspace][backspace][backspace][backspace][backspace][backspace][backspace][backspace][backspace][backspace][backspace][backspace][backspace]hhhhh[ctrl]c
[backspace][ctrl]v[backspace][backspace][ctrl][backspace]https[shift]://drive.google.com[shift]/file[shift]/d[shift]/1[caps_lock]f[caps_lock]t[caps_lock]l[caps_lock][caps_lock]h[caps_lock]kqw[caps_lock]g[caps_lock]df[caps_lock]zq[caps_lock][caps_lock]h[caps_lock]pdx[caps_lock]f2v[caps_lock]q4da[caps_lock]s9tk4lj[caps_lock]r[caps_lock]m[caps_lock][shift]/edit[enter]